<?xml version="1.0" encoding="UTF-8"?>
<!-- Generated by org.testng.reporters.JUnitReportReporter -->
<testsuite hostname="LATITUDE" failures="0" tests="2" name="testSuite.RightCloumnoptionsTestSuite" time="50.310" errors="0" timestamp="2025-06-23T22:27:38 IST" skipped="0">
  <testcase classname="testSuite.RightCloumnoptionsTestSuite" name="TC_1234_editPasswordTest" time="5.052"/>
  <testcase classname="testSuite.RightCloumnoptionsTestSuite" name="TC_1234_editAccountTest" time="45.258"/>
</testsuite> <!-- testSuite.RightCloumnoptionsTestSuite -->
