<?xml version="1.0" encoding="UTF-8"?>
<!-- Generated by org.testng.reporters.JUnitReportReporter -->
<testsuite hostname="DESKTOP-KJC6B92" failures="0" tests="1" name="test1.EditAccountTest" time="23.524" errors="0" timestamp="2024-05-18T21:56:36 IST" skipped="0">
  <testcase classname="test1.EditAccountTest" name="perfornEditAccount" time="23.524"/>
</testsuite> <!-- test1.EditAccountTest -->
